gradleBuild/outputs/logs/manifest-merger-debug-report.txt
-- Merging decision tree log ---
manifest
ADDED from AndroidStudioProjects\tfmobile\AndroidManifest.xml:18:1-44:12
MERGED from [org.tensorflow:tensorflow-android:1.12.0-rc2] AndroidManifest.xml:2:1-8:12
	package
		ADDED from AndroidStudioProjects\tfmobile\AndroidManifest.xml:19:5-34
	xmlns:android
		ADDED from AndroidStudioProjects\tfmobile\AndroidManifest.xml:18:11-69
uses-permission#android.permission.CAMERA
ADDED from AndroidStudioProjects\tfmobile\AndroidManifest.xml:21:5-65
	android:name
		ADDED from AndroidStudioProjects\tfmobile\AndroidManifest.xml:21:22-62
uses-feature#android.hardware.camera
ADDED from AndroidStudioProjects\tfmobile\AndroidManifest.xml:22:5-60
	android:name
		ADDED from AndroidStudioProjects\tfmobile\AndroidManifest.xml:22:19-57
uses-feature#android.hardware.camera.autofocus
ADDED from AndroidStudioProjects\tfmobile\AndroidManifest.xml:23:5-70
	android:name
		ADDED from AndroidStudioProjects\tfmobile\AndroidManifest.xml:23:19-67
uses-permission#android.permission.WRITE_EXTERNAL_STORAGE
ADDED from AndroidStudioProjects\tfmobile\AndroidManifest.xml:24:5-80
	android:name
		ADDED from AndroidStudioProjects\tfmobile\AndroidManifest.xml:24:22-78
uses-sdk
ADDED from AndroidStudioProjects\tfmobile\AndroidManifest.xml:26:5-47
INJECTED from AndroidStudioProjects\tfmobile\AndroidManifest.xml:26:5-47
INJECTED from AndroidStudioProjects\tfmobile\AndroidManifest.xml:26:5-47
	android:targetSdkVersion
		ADDED from AndroidStudioProjects\tfmobile\AndroidManifest.xml:26:15-44
	android:minSdkVersion
		INJECTED from AndroidStudioProjects\tfmobile\AndroidManifest.xml
		ADDED from AndroidStudioProjects\tfmobile\AndroidManifest.xml:26:5-47
		INJECTED from AndroidStudioProjects\tfmobile\AndroidManifest.xml
application
ADDED from AndroidStudioProjects\tfmobile\AndroidManifest.xml:28:5-42:19
MERGED from [org.tensorflow:tensorflow-android:1.12.0-rc2] AndroidManifest.xml:5:5-6:19
MERGED from [org.tensorflow:tensorflow-android:1.12.0-rc2] AndroidManifest.xml:5:5-6:19
	android:label
		ADDED from AndroidStudioProjects\tfmobile\AndroidManifest.xml:30:9-41
	android:debuggable
		ADDED from AndroidStudioProjects\tfmobile\AndroidManifest.xml:29:9-34
	android:icon
		ADDED from AndroidStudioProjects\tfmobile\AndroidManifest.xml:31:9-51
	android:allowBackup
		ADDED from AndroidStudioProjects\tfmobile\AndroidManifest.xml:28:18-44
	android:theme
		ADDED from AndroidStudioProjects\tfmobile\AndroidManifest.xml:32:9-45
activity#org.tensorflow.demo.ClassifierActivity
ADDED from AndroidStudioProjects\tfmobile\AndroidManifest.xml:34:9-41:20
	android:screenOrientation
		ADDED from AndroidStudioProjects\tfmobile\AndroidManifest.xml:35:19-55
	android:label
		ADDED from AndroidStudioProjects\tfmobile\AndroidManifest.xml:36:19-71
	android:name
		ADDED from AndroidStudioProjects\tfmobile\AndroidManifest.xml:34:19-72
intent-filter#action:name:android.intent.action.MAIN+category:name:android.intent.category.LAUNCHER
ADDED from AndroidStudioProjects\tfmobile\AndroidManifest.xml:37:13-40:29
action#android.intent.action.MAIN
ADDED from AndroidStudioProjects\tfmobile\AndroidManifest.xml:38:17-69
	android:name
		ADDED from AndroidStudioProjects\tfmobile\AndroidManifest.xml:38:25-66
category#android.intent.category.LAUNCHER
ADDED from AndroidStudioProjects\tfmobile\AndroidManifest.xml:39:17-77
	android:name
		ADDED from AndroidStudioProjects\tfmobile\AndroidManifest.xml:39:27-74
uses-permission#android.permission.READ_PHONE_STATE
IMPLIED from AndroidStudioProjects\tfmobile\AndroidManifest.xml:18:1-44:12 reason: tensorflow.contrib.android has a targetSdkVersion < 4
uses-permission#android.permission.READ_EXTERNAL_STORAGE
IMPLIED from AndroidStudioProjects\tfmobile\AndroidManifest.xml:18:1-44:12 reason: tensorflow.contrib.android requested WRITE_EXTERNAL_STORAGE